2015-04-10 00:36:55,233 - INFO - static folder : C:\MyData\Study\Python\flask\workspace\minicommunity\minicommunity\../static
2015-04-10 00:36:55,233 - INFO - template folder : ../templates
2015-04-10 00:36:55,634 - INFO - static folder : C:\MyData\Study\Python\flask\workspace\minicommunity\minicommunity\../static
2015-04-10 00:36:55,634 - INFO - template folder : ../templates
2015-04-10 00:37:17,756 - INFO - static folder : C:\MyData\Study\Python\flask\workspace\minicommunity\minicommunity\../static
2015-04-10 00:37:17,756 - INFO - template folder : ../templates
2015-04-10 00:37:17,964 - INFO - static folder : C:\MyData\Study\Python\flask\workspace\minicommunity\minicommunity\../static
2015-04-10 00:37:17,964 - INFO - template folder : ../templates
2015-04-10 00:39:06,729 - INFO - static folder : C:\MyData\Study\Python\flask\workspace\minicommunity\minicommunity\./static
2015-04-10 00:39:06,729 - INFO - template folder : ./templates
2015-04-10 00:39:17,313 - INFO - static folder : C:\MyData\Study\Python\flask\workspace\minicommunity\minicommunity\static
2015-04-10 00:39:17,313 - INFO - template folder : templates
2015-04-10 00:39:35,380 - INFO - static folder : C:\MyData\Study\Python\flask\workspace\minicommunity\minicommunity\static
2015-04-10 00:39:35,380 - INFO - template folder : templates
2015-04-10 00:39:35,588 - INFO - static folder : C:\MyData\Study\Python\flask\workspace\minicommunity\minicommunity\static
2015-04-10 00:39:35,588 - INFO - template folder : templates
2015-04-10 00:43:16,191 - INFO - static folder : C:\MyData\Study\Python\flask\workspace\minicommunity\minicommunity\static
2015-04-10 00:43:16,191 - INFO - template folder : templates
2015-04-10 00:43:16,667 - INFO - static folder : C:\MyData\Study\Python\flask\workspace\minicommunity\minicommunity\static
2015-04-10 00:43:16,667 - INFO - template folder : templates
2015-04-13 19:37:33,006 - INFO - static folder : C:\MyData\Study\Python\flask\workspace\minicommunity\minicommunity\static
2015-04-13 19:37:33,006 - INFO - template folder : templates
2015-04-13 19:37:33,233 - INFO - static folder : C:\MyData\Study\Python\flask\workspace\minicommunity\minicommunity\static
2015-04-13 19:37:33,233 - INFO - template folder : templates
2015-04-13 20:36:18,026 - INFO - static folder : C:\MyData\Study\Python\flask\workspace\minicommunity\minicommunity\static
2015-04-13 20:36:18,026 - INFO - template folder : templates
2015-04-13 20:36:46,976 - INFO - static folder : C:\MyData\Study\Python\flask\workspace\minicommunity\minicommunity\static
2015-04-13 20:36:46,976 - INFO - template folder : templates
2015-04-13 20:37:01,079 - INFO - static folder : C:\MyData\Study\Python\flask\workspace\minicommunity\minicommunity\static
2015-04-13 20:37:01,079 - INFO - template folder : templates
2015-04-13 20:37:44,760 - INFO - static folder : C:\MyData\Study\Python\flask\workspace\minicommunity\minicommunity\static
2015-04-13 20:37:44,760 - INFO - template folder : templates
2015-04-13 20:38:35,966 - INFO - static folder : C:\MyData\Study\Python\flask\workspace\minicommunity\minicommunity\static
2015-04-13 20:38:35,967 - INFO - template folder : templates
2015-04-13 20:38:36,319 - INFO - static folder : C:\MyData\Study\Python\flask\workspace\minicommunity\minicommunity\static
2015-04-13 20:38:36,335 - INFO - template folder : templates
